#
# There is insufficient memory for the Java Runtime Environment to continue.
# Native memory allocation (malloc) failed to allocate 1048576 bytes for AllocateHeap
# Possible reasons:
#   The system is out of physical RAM or swap space
#   In 32 bit mode, the process size limit was hit
# Possible solutions:
#   Reduce memory load on the system
#   Increase physical memory or swap space
#   Check if swap backing store is full
#   Use 64 bit Java on a 64 bit OS
#   Decrease Java heap size (-Xmx/-Xms)
#   Decrease number of Java threads
#   Decrease Java thread stack sizes (-Xss)
#   Set larger code cache with -XX:ReservedCodeCacheSize=
# This output file may be truncated or incomplete.
#
#  Out of Memory Error (memory/allocation.inline.hpp:61), pid=14672, tid=0x0000000000002aa8
#
# JRE version:  (8.0_101-b13) (build )
# Java VM: Java HotSpot(TM) 64-Bit Server VM (25.101-b13 mixed mode windows-amd64 compressed oops)
# Failed to write core dump. Minidumps are not enabled by default on client versions of Windows
#

---------------  T H R E A D  ---------------

Current thread (0x0000000001fc0800):  JavaThread "Unknown thread" [_thread_in_vm, id=10920, stack(0x0000000001e50000,0x0000000001f50000)]

Stack: [0x0000000001e50000,0x0000000001f50000]
[error occurred during error reporting (printing stack bounds), id 0xc0000005]

Native frames: (J=compiled Java code, j=interpreted, Vv=VM code, C=native code)


---------------  P R O C E S S  ---------------

Java Threads: ( => current thread )

Other Threads:

=>0x0000000001fc0800 (exited) JavaThread "Unknown thread" [_thread_in_vm, id=10920, stack(0x0000000001e50000,0x0000000001f50000)]

VM state:not at safepoint (normal execution)

VM Mutex/Monitor currently owned by a thread: None

Heap:
 PSYoungGen      total 9728K, used 174K [0x00000000f5e00000, 0x00000000f6880000, 0x0000000100000000)
  eden space 8704K, 2% used [0x00000000f5e00000,0x00000000f5e2b860,0x00000000f6680000)
  from space 1024K, 0% used [0x00000000f6780000,0x00000000f6780000,0x00000000f6880000)
  to   space 1024K, 0% used [0x00000000f6680000,0x00000000f6680000,0x00000000f6780000)
 ParOldGen       total 22016K, used 0K [0x00000000e1a00000, 0x00000000e2f80000, 0x00000000f5e00000)
  object space 22016K, 0% used [0x00000000e1a00000,0x00000000e1a00000,0x00000000e2f80000)
 Metaspace       used 751K, capacity 1092K, committed 1152K, reserved 1060864K
  class space    used 75K, capacity 384K, committed 384K, reserved 1048576K

Card table byte_map: [0x0000000011480000,0x0000000011580000] byte_map_base: 0x0000000010d73000

Marking Bits: (ParMarkBitMap*) 0x000000007798a6d0
 Begin Bits: [0x0000000011830000, 0x0000000011fc8000)
 End Bits:   [0x0000000011fc8000, 0x0000000012760000)

Polling page: 0x00000000006b0000

CodeCache: size=245760Kb used=327Kb max_used=327Kb free=245432Kb
 bounds [0x00000000020c0000, 0x0000000002330000, 0x00000000110c0000]
 total_blobs=57 nmethods=0 adapters=38
 compilation: enabled

Compilation events (0 events):
No events

GC Heap History (0 events):
No events

Deoptimization events (0 events):
No events

Internal exceptions (0 events):
No events

Events (10 events):
Event: 0.064 loading class java/lang/Short
Event: 0.065 loading class java/lang/Short done
Event: 0.065 loading class java/lang/Integer
Event: 0.065 loading class java/lang/Integer done
Event: 0.065 loading class java/lang/Long
Event: 0.065 loading class java/lang/Long done
Event: 0.067 loading class java/lang/NullPointerException
Event: 0.067 loading class java/lang/NullPointerException done
Event: 0.067 loading class java/lang/ArithmeticException
Event: 0.067 loading class java/lang/ArithmeticException done


Dynamic libraries:
0x00007ff6be3a0000 - 0x00007ff6be3d7000 	C:\Program Files\Java\jre1.8.0_101\bin\javaw.exe
0x00007fff0f720000 - 0x00007fff0f8cd000 	C:\Windows\SYSTEM32\ntdll.dll
0x00007fff0ebc0000 - 0x00007fff0ecfe000 	C:\Windows\system32\KERNEL32.DLL
0x00007fff0c960000 - 0x00007fff0ca75000 	C:\Windows\system32\KERNELBASE.dll
0x00007fff0b410000 - 0x00007fff0b49e000 	C:\Windows\system32\apphelp.dll
0x00007ffefbfe0000 - 0x00007ffefc033000 	C:\Windows\AppPatch\AppPatch64\AcGenral.DLL
0x00007fff0ed60000 - 0x00007fff0ee0a000 	C:\Windows\system32\msvcrt.dll
0x00007fff0ca80000 - 0x00007fff0caae000 	C:\Windows\system32\SspiCli.dll
0x00007fff0e700000 - 0x00007fff0e754000 	C:\Windows\system32\SHLWAPI.dll
0x00007fff0cf10000 - 0x00007fff0d087000 	C:\Windows\system32\USER32.dll
0x00007fff0f2d0000 - 0x00007fff0f464000 	C:\Windows\system32\ole32.dll
0x00007fff0d1d0000 - 0x00007fff0e6f8000 	C:\Windows\system32\SHELL32.dll
0x00007fff0be10000 - 0x00007fff0be31000 	C:\Windows\SYSTEM32\USERENV.dll
0x00007fff0cda0000 - 0x00007fff0ce4a000 	C:\Windows\system32\ADVAPI32.dll
0x00007ffefe340000 - 0x00007ffefe35e000 	C:\Windows\SYSTEM32\MPR.dll
0x00007fff0f470000 - 0x00007fff0f5b0000 	C:\Windows\system32\RPCRT4.dll
0x00007fff0e950000 - 0x00007fff0e9a9000 	C:\Windows\SYSTEM32\sechost.dll
0x00007fff0f050000 - 0x00007fff0f261000 	C:\Windows\SYSTEM32\combase.dll
0x00007fff0e9b0000 - 0x00007fff0eaff000 	C:\Windows\system32\GDI32.dll
0x00007fff0c840000 - 0x00007fff0c855000 	C:\Windows\SYSTEM32\profapi.dll
0x00007fff0ae40000 - 0x00007fff0aef2000 	C:\Windows\SYSTEM32\SHCORE.dll
0x00007fff0ed00000 - 0x00007fff0ed36000 	C:\Windows\system32\IMM32.DLL
0x00007fff0f5c0000 - 0x00007fff0f712000 	C:\Windows\system32\MSCTF.dll
0x00007fff0a960000 - 0x00007fff0abdb000 	C:\Windows\WinSxS\amd64_microsoft.windows.common-controls_6595b64144ccf1df_6.0.9600.18006_none_623f33d3ecbe86e8\COMCTL32.dll
0x0000000050100000 - 0x00000000501d2000 	C:\Program Files\Java\jre1.8.0_101\bin\msvcr100.dll
0x0000000077170000 - 0x0000000077a0a000 	C:\Program Files\Java\jre1.8.0_101\bin\server\jvm.dll
0x00007ffee7350000 - 0x00007ffee7359000 	C:\Windows\SYSTEM32\WSOCK32.dll
0x00007fff078d0000 - 0x00007fff078f2000 	C:\Windows\SYSTEM32\WINMM.dll
0x00007fff06720000 - 0x00007fff0672a000 	C:\Windows\SYSTEM32\VERSION.dll
0x00007fff0ee10000 - 0x00007fff0ee17000 	C:\Windows\system32\PSAPI.DLL
0x00007fff0f270000 - 0x00007fff0f2ca000 	C:\Windows\system32\WS2_32.dll
0x00007fff078a0000 - 0x00007fff078ca000 	C:\Windows\SYSTEM32\WINMMBASE.dll
0x00007fff0e760000 - 0x00007fff0e769000 	C:\Windows\system32\NSI.dll
0x00007fff0c910000 - 0x00007fff0c95f000 	C:\Windows\SYSTEM32\cfgmgr32.dll
0x00007fff0b690000 - 0x00007fff0b6b8000 	C:\Windows\SYSTEM32\DEVOBJ.dll
0x00000000517a0000 - 0x00000000517af000 	C:\Program Files\Java\jre1.8.0_101\bin\verify.dll
0x0000000050310000 - 0x0000000050339000 	C:\Program Files\Java\jre1.8.0_101\bin\java.dll
0x00000000502f0000 - 0x0000000050306000 	C:\Program Files\Java\jre1.8.0_101\bin\zip.dll

VM Arguments:
jvm_args: -Dfile.encoding=Cp1252 
java_command: application.Main
java_class_path (initial): C:\Users\Rambo786\Documents\JavaFX\StudentProfile\StudentProfile\bin;C:\Users\Rambo786\.eclipse\org.eclipse.platform_4.5.2_1709980481_win32_win32_x86_64\plugins\org.eclipse.fx.ide.css.jfx8_2.4.0.201605112122.jar
Launcher Type: SUN_STANDARD

Environment Variables:
PATH=C:/Program Files/Java/jre1.8.0_101/bin/server;C:/Program Files/Java/jre1.8.0_101/bin;C:/Program Files/Java/jre1.8.0_101/lib/amd64;C:\ProgramData\Oracle\Java\javapath;C:\Program Files\Broadcom\Broadcom 802.11;;;;C:\Program Files (x86)\Intel\TXE Components\TCS\;C:\Program Files\Intel\TXE Components\TCS\;C:\Windows\system32;C:\Windows;C:\Windows\System32\Wbem;C:\Windows\System32\WindowsPowerShell\v1.0\;C:\Program Files\Microsoft SQL Server\110\Tools\Binn\;C:\Program Files\Microsoft\Web Platform Installer\;C:\Program Files (x86)\Windows Live\Shared;C:\Program Files\jEdit;C:\Program Files\eclipse;
USERNAME=Rambo786
OS=Windows_NT
PROCESSOR_IDENTIFIER=Intel64 Family 6 Model 55 Stepping 8, GenuineIntel



---------------  S Y S T E M  ---------------

OS: Windows 8.1 , 64 bit Build 9600 (6.3.9600.17415)

CPU:total 2 (2 cores per cpu, 1 threads per core) family 6 model 55 stepping 8, cmov, cx8, fxsr, mmx, sse, sse2, sse3, ssse3, sse4.1, sse4.2, popcnt, clmul, erms, 3dnowpref, tsc, tscinvbit

Memory: 4k page, physical 1985572k(323344k free), swap 4709528k(5708k free)

vm_info: Java HotSpot(TM) 64-Bit Server VM (25.101-b13) for windows-amd64 JRE (1.8.0_101-b13), built on Jun 22 2016 01:21:29 by "java_re" with MS VC++ 10.0 (VS2010)

time: Mon Apr 10 09:15:39 2017
elapsed time: 0 seconds (0d 0h 0m 0s)

